<?xml version="1.0" encoding="UTF-8"?>
<testsuite name="qa.reinaldo.TestsRunner" tests="5" skipped="0" failures="0" errors="0" timestamp="2025-08-15T20:21:27.583Z" hostname="PC-GAMER-REINAL" time="55.097">
  <properties/>
  <testcase name="CT01 - Teste que realiza o cadastro de usuario." classname="qa.reinaldo.TestsRunner" time="4.993"/>
  <testcase name="loginUsuarioSenhaInvalidos()" classname="qa.reinaldo.TestsRunner" time="3.637"/>
  <testcase name="testeLogin()" classname="qa.reinaldo.TestsRunner" time="3.402"/>
  <testcase name="testComprarProduto()" classname="qa.reinaldo.TestsRunner" time="14.148"/>
  <testcase name="testLogout()" classname="qa.reinaldo.TestsRunner" time="8.041"/>
  <system-out><![CDATA[Usuário ou senha inválidos
No cenario de teste 'Comprar Produto', o sistema esta apresentando a seguinte notificacao: <<<Falha ao criar pagamento>>> propositalmente.
]]></system-out>
  <system-err><![CDATA[]]></system-err>
</testsuite>
