<?xml version="1.0" encoding="UTF-8"?>
<testsuite name="qa.reinaldo.TestsRunner" tests="5" skipped="0" failures="0" errors="0" timestamp="2025-08-15T20:37:48.367Z" hostname="PC-GAMER-REINAL" time="54.324">
  <properties/>
  <testcase name="CT01 - Teste que realiza o cadastro de usuario." classname="qa.reinaldo.TestsRunner" time="4.579"/>
  <testcase name="loginUsuarioSenhaInvalidos()" classname="qa.reinaldo.TestsRunner" time="4.158"/>
  <testcase name="testeLogin()" classname="qa.reinaldo.TestsRunner" time="2.957"/>
  <testcase name="testComprarProduto()" classname="qa.reinaldo.TestsRunner" time="13.094"/>
  <testcase name="testLogout()" classname="qa.reinaldo.TestsRunner" time="8.444"/>
  <system-out><![CDATA[Usuário ou senha inválidos
No cenario de teste 'Comprar Produto', o sistema esta apresentando a seguinte notificacao: <<<Falha ao criar pagamento>>> propositalmente.
]]></system-out>
  <system-err><![CDATA[]]></system-err>
</testsuite>
